Microsemi Libero Software
Version: 11.4.0.112
Release: v11.4

Info: The design N64.adb was last modified by software version 11.4.0.112.
Opened an existing Libero design N64.adb.
'BA_NAME' set to 'N64_ba'
'IDE_DESIGNERVIEW_NAME' set to 'Impl1'
'IDE_DESIGNERVIEW_COUNT' set to '1'
'IDE_DESIGNERVIEW_REV0' set to 'Impl1'
'IDE_DESIGNERVIEW_REVNUM0' set to '1'
'IDE_DESIGNERVIEW_ROOTDIR' set to 'J:\N64\designer'
'IDE_DESIGNERVIEW_LASTREV' set to '1'
Wrote timing report to file: N64_maxdelay_timing_report.txt

The Report command succeeded ( 00:00:03 )
Wrote timing report to file: N64_mindelay_timing_report.txt

The Report command succeeded ( 00:00:00 )
Wrote timing_violations report to file: N64_maxdelay_timingviolations_report.txt

The Report command succeeded ( 00:00:00 )
Wrote timing_violations report to file: N64_mindelay_timingviolations_report.txt

The Report command succeeded ( 00:00:01 )
Design saved to file J:\N64\designer\impl1\N64.adb.

The Execute Script command succeeded ( 00:00:11 )
Design closed.

