Microsemi Libero Software
Version: 11.4.0.112
Release: v11.4

Info: The design Project_373.adb was last modified by software version 11.4.0.112.
Opened an existing Libero design Project_373.adb.
'BA_NAME' set to 'Project_373_ba'
'IDE_DESIGNERVIEW_NAME' set to 'Impl1'
'IDE_DESIGNERVIEW_COUNT' set to '1'
'IDE_DESIGNERVIEW_REV0' set to 'Impl1'
'IDE_DESIGNERVIEW_REVNUM0' set to '1'
'IDE_DESIGNERVIEW_ROOTDIR' set to 'N:\windat.V2\Documents\Project_373\designer'
'IDE_DESIGNERVIEW_LASTREV' set to '1'
Wrote timing report to file: Project_373_maxdelay_timing_report.txt

The Report command succeeded ( 00:00:03 )
Wrote timing report to file: Project_373_mindelay_timing_report.txt

The Report command succeeded ( 00:00:00 )
Wrote timing_violations report to file: Project_373_maxdelay_timingviolations_report.txt

The Report command succeeded ( 00:00:02 )
Wrote timing_violations report to file: Project_373_mindelay_timingviolations_report.txt

The Report command succeeded ( 00:00:00 )
Design saved to file N:\windat.V2\Documents\Project_373\designer\impl1\Project_373.adb.

The Execute Script command succeeded ( 00:00:09 )
Design closed.

