Target Part: A2F200M3F_FBGA484_-1
Report for cell Project_373.verilog
  Core Cell usage:
              cell count     area count*area
              AND2    26      1.0       26.0
              AND3    56      1.0       56.0
               AO1    25      1.0       25.0
              AO1A     2      1.0        2.0
              AO1B     5      1.0        5.0
              AO1C    28      1.0       28.0
              AO1D     2      1.0        2.0
              AOI1     1      1.0        1.0
             AOI1B     1      1.0        1.0
               AX1     1      1.0        1.0
              AX1A     1      1.0        1.0
              AX1C    13      1.0       13.0
              AX1E     3      1.0        3.0
              BUFF     1      1.0        1.0
            CLKINT     3      0.0        0.0
               GND     9      0.0        0.0
           MSS_APB     1      0.0        0.0
           MSS_CCC     1      0.0        0.0
               MX2   128      1.0      128.0
              MX2B     1      1.0        1.0
              NOR2    23      1.0       23.0
             NOR2A   156      1.0      156.0
             NOR2B    51      1.0       51.0
              NOR3    42      1.0       42.0
             NOR3A    11      1.0       11.0
             NOR3B    95      1.0       95.0
             NOR3C   119      1.0      119.0
               OA1    35      1.0       35.0
              OA1A    23      1.0       23.0
              OA1B     6      1.0        6.0
              OA1C     5      1.0        5.0
              OAI1     1      1.0        1.0
               OR2    62      1.0       62.0
              OR2A    39      1.0       39.0
              OR2B    12      1.0       12.0
               OR3     2      1.0        2.0
              OR3B     9      1.0        9.0
              OR3C    12      1.0       12.0
             RCOSC     1      0.0        0.0
               VCC     9      0.0        0.0
               XA1     9      1.0        9.0
              XA1A     9      1.0        9.0
             XNOR2    21      1.0       21.0
              XOR2    52      1.0       52.0


              DFN1   186      1.0      186.0
            DFN1E0    29      1.0       29.0
            DFN1E1    25      1.0       25.0
                   -----          ----------
             TOTAL  1352              1328.0


  IO Cell usage:
              cell count
             INBUF     1
         INBUF_MSS     3
            OUTBUF     6
        OUTBUF_MSS     2
                   -----
             TOTAL    12


Core Cells         : 1328 of 4608 (29%)
IO Cells           : 12

  RAM/ROM Usage Summary
Block Rams : 0 of 8 (0%)

