
Starting:    C:\Microsemi\Libero_v11.4\Synopsys\synplify_I201309MSP1-1\win64\mbin\synbatch.exe
Install:     C:\Microsemi\Libero_v11.4\Synopsys\synplify_I201309MSP1-1
Date:        Tue Apr 14 16:13:56 2015
Version:     I-2013.09M-SP1-1 

Arguments:   -product synplify_pro  -licensetype synplifypro_actel -batch -log synplify.log Project_373_syn.tcl
ProductType: synplify_pro

License checkout: synplifypro_actel
License: synplifypro_actel node-locked 
Licensed Vendor: actel
License Option: actel_oem

Running in Vendor Mode



auto_infer_blackbox is not supported in current product.


log file: "N:\windat.V2\Documents\Project_373\synthesis\Project_373.srr"





Running Project_373_syn|synthesis


Running: Compile on Project_373_syn|synthesis


Running: Compile Process on Project_373_syn|synthesis


Running: Compile Input on Project_373_syn|synthesis

Copied N:\windat.V2\Documents\Project_373\synthesis\synwork\Project_373_comp.srs to N:\windat.V2\Documents\Project_373\synthesis\Project_373.srs

compiler Completed with warnings
Return Code: 1
Run Time:0h:00m:05s


Complete: Compile Process on Project_373_syn|synthesis


Running: Pre-mapping on Project_373_syn|synthesis

premap Completed
Return Code: 0
Run Time:0h:00m:02s


Complete: Compile on Project_373_syn|synthesis


Running: Map on Project_373_syn|synthesis


Running: Map & Optimize on Project_373_syn|synthesis

fpga_mapper Completed with warnings
Return Code: 1
Run Time:0h:00m:14s


Complete: Map on Project_373_syn|synthesis

Complete: Logic Synthesis on Project_373_syn|synthesis

TCL script complete: "Project_373_syn.tcl"

exit status=0


exit status=0


License checkin: synplifypro_actel

